2022-11-12 20:40:10,944 - QTvcp - INFO - Logging to: /home/taihv/linuxcnc/configs/my-qtdragron/qtdragon.log
2022-11-12 20:40:10,945 - QTvcp - INFO - Base log level set to: 10
2022-11-12 20:40:10,945 - QTvcp.QTVCP.QT_PSTAT - DEBUG - BASEPATH qtdragon
2022-11-12 20:40:10,946 - QTvcp.QTVCP.QT_PSTAT - DEBUG - Checking for handler file in: /home/taihv/linuxcnc/configs/my-qtdragron/qtdragon/qtdragon_handler.py
2022-11-12 20:40:10,946 - QTvcp.QTVCP.QT_PSTAT - INFO - Using LOCAL handler file path: /home/taihv/linuxcnc/configs/my-qtdragron/qtdragon/qtdragon_handler.py
2022-11-12 20:40:10,947 - QTvcp.QTVCP.QT_PSTAT - DEBUG - Checking for .ui in: /home/taihv/linuxcnc/configs/my-qtdragron/qtdragon/qtdragon.ui
2022-11-12 20:40:10,948 - QTvcp.QTVCP.QT_PSTAT - INFO - Using LOCAL ui file from: /home/taihv/linuxcnc/configs/my-qtdragron/qtdragon/qtdragon.ui
2022-11-12 20:40:10,948 - QTvcp.QTVCP.QT_PSTAT - DEBUG - Checking for .qss in: /home/taihv/linuxcnc/configs/my-qtdragron/qtdragon/qtdragon.qss
2022-11-12 20:40:10,949 - QTvcp.QTVCP.QT_PSTAT - INFO - Using LOCAL qss file from: /home/taihv/linuxcnc/configs/my-qtdragron/qtdragon/qtdragon.qss
2022-11-12 20:40:10,950 - QTvcp.QTVCP.QT_PSTAT - DEBUG - Checking for .qrc in: /home/taihv/linuxcnc/configs/my-qtdragron/qtdragon/qtdragon.qrc
2022-11-12 20:40:10,950 - QTvcp.QTVCP.QT_PSTAT - INFO - Using LOCAL qrc file from: /home/taihv/linuxcnc/configs/my-qtdragron/qtdragon/qtdragon.qrc
2022-11-12 20:40:10,951 - QTvcp.QTVCP.QT_PSTAT - DEBUG - Checking for resources.py in: /home/taihv/linuxcnc/configs/my-qtdragron/qtvcp/screens/qtdragon/resources.py
2022-11-12 20:40:10,951 - QTvcp.QTVCP.QT_PSTAT - INFO - Using LOCAL resources.py file from: /home/taihv/linuxcnc/configs/my-qtdragron/qtvcp/screens/qtdragon/resources.py
2022-11-12 20:40:10,953 - QTvcp.QTVCP.QT_PSTAT - DEBUG - Checking for translation file in: /home/taihv/linuxcnc/configs/my-qtdragron/qtdragon/languages/qtdragon_en.qm
2022-11-12 20:40:10,954 - QTvcp.QTVCP.QT_PSTAT - DEBUG - Checking for translation file in: /home/taihv/work/linuxcnc/share/qtvcp/screens/qtdragon/languages/qtdragon_en.qm
2022-11-12 20:40:10,955 - QTvcp.QTVCP.QT_PSTAT - INFO - Using no translations, default system locale is: en
2022-11-12 20:40:10,955 - QTvcp - INFO - Building A LinuxCNC Main Screen with: Python 3
2022-11-12 20:40:10,956 - QTvcp - INFO - No handler file specified on command line.
2022-11-12 20:40:10,956 - QTvcp - INFO - No HAL component base name specified on command line using: qtdragon
2022-11-12 20:40:10,962 - QTvcp.QTVCP.QT_MAKEGUI - INFO - Qsettings file path: /home/taihv/.config/QtVcp/qtdragon.conf
2022-11-12 20:40:10,963 - QTvcp - DEBUG - Loading the handler file.
2022-11-12 20:40:10,964 - QTvcp.QTVCP.QT_MAKEGUI - DEBUG - Adding import dir: /home/taihv/linuxcnc/configs/my-qtdragron/qtdragon
2022-11-12 20:40:11,435 - QTvcp.QTVCP.QT_MAKEGUI - DEBUG - Module 'qtdragon_handler' imported OK
2022-11-12 20:40:11,436 - QTvcp.QTVCP.QT_MAKEGUI - DEBUG - Module 'qtdragon_handler' : 'get_handlers' function found.
2022-11-12 20:40:11,437 - QTvcp.QTVCP.QT_MAKEGUI - DEBUG - Registering handlers in module qtdragon_handler object <qtdragon_handler.HandlerClass object at 0xffff32dd35e0>
2022-11-12 20:40:11,439 - QTvcp.QTVCP.QT_MAKEGUI - DEBUG - Register callback 'add_status'
2022-11-12 20:40:11,439 - QTvcp.QTVCP.QT_MAKEGUI - DEBUG - Register callback 'adjust_stacked_widgets'
2022-11-12 20:40:11,440 - QTvcp.QTVCP.QT_MAKEGUI - DEBUG - Register callback 'all_homed'
2022-11-12 20:40:11,440 - QTvcp.QTVCP.QT_MAKEGUI - DEBUG - Register callback 'back'
2022-11-12 20:40:11,441 - QTvcp.QTVCP.QT_MAKEGUI - DEBUG - Register callback 'btn_clear_status_clicked'
2022-11-12 20:40:11,441 - QTvcp.QTVCP.QT_MAKEGUI - DEBUG - Register callback 'btn_copy_file_clicked'
2022-11-12 20:40:11,441 - QTvcp.QTVCP.QT_MAKEGUI - DEBUG - Register callback 'btn_dimensions_clicked'
2022-11-12 20:40:11,441 - QTvcp.QTVCP.QT_MAKEGUI - DEBUG - Register callback 'btn_gcode_edit_clicked'
2022-11-12 20:40:11,442 - QTvcp.QTVCP.QT_MAKEGUI - DEBUG - Register callback 'btn_goto_sensor_clicked'
2022-11-12 20:40:11,442 - QTvcp.QTVCP.QT_MAKEGUI - DEBUG - Register callback 'btn_home_all_clicked'
2022-11-12 20:40:11,442 - QTvcp.QTVCP.QT_MAKEGUI - DEBUG - Register callback 'btn_home_clicked'
2022-11-12 20:40:11,443 - QTvcp.QTVCP.QT_MAKEGUI - DEBUG - Register callback 'btn_load_file_clicked'
2022-11-12 20:40:11,443 - QTvcp.QTVCP.QT_MAKEGUI - DEBUG - Register callback 'btn_m61_clicked'
2022-11-12 20:40:11,444 - QTvcp.QTVCP.QT_MAKEGUI - DEBUG - Register callback 'btn_maxv_100_clicked'
2022-11-12 20:40:11,444 - QTvcp.QTVCP.QT_MAKEGUI - DEBUG - Register callback 'btn_maxv_50_clicked'
2022-11-12 20:40:11,445 - QTvcp.QTVCP.QT_MAKEGUI - DEBUG - Register callback 'btn_ref_camera_clicked'
2022-11-12 20:40:11,446 - QTvcp.QTVCP.QT_MAKEGUI - DEBUG - Register callback 'btn_ref_laser_clicked'
2022-11-12 20:40:11,446 - QTvcp.QTVCP.QT_MAKEGUI - DEBUG - Register callback 'btn_reload_file_clicked'
2022-11-12 20:40:11,447 - QTvcp.QTVCP.QT_MAKEGUI - DEBUG - Register callback 'btn_save_status_clicked'
2022-11-12 20:40:11,448 - QTvcp.QTVCP.QT_MAKEGUI - DEBUG - Register callback 'btn_start_clicked'
2022-11-12 20:40:11,449 - QTvcp.QTVCP.QT_MAKEGUI - DEBUG - Register callback 'btn_touchoff_clicked'
2022-11-12 20:40:11,449 - QTvcp.QTVCP.QT_MAKEGUI - DEBUG - Register callback 'call_user_command_'
2022-11-12 20:40:11,450 - QTvcp.QTVCP.QT_MAKEGUI - DEBUG - Register callback 'cam_dia_changed'
2022-11-12 20:40:11,450 - QTvcp.QTVCP.QT_MAKEGUI - DEBUG - Register callback 'cam_rot_changed'
2022-11-12 20:40:11,451 - QTvcp.QTVCP.QT_MAKEGUI - DEBUG - Register callback 'cam_zoom_changed'
2022-11-12 20:40:11,451 - QTvcp.QTVCP.QT_MAKEGUI - DEBUG - Register callback 'chk_alpha_mode_changed'
2022-11-12 20:40:11,451 - QTvcp.QTVCP.QT_MAKEGUI - DEBUG - Register callback 'chk_inhibit_selection_changed'
2022-11-12 20:40:11,452 - QTvcp.QTVCP.QT_MAKEGUI - DEBUG - Register callback 'chk_override_limits_checked'
2022-11-12 20:40:11,452 - QTvcp.QTVCP.QT_MAKEGUI - DEBUG - Register callback 'chk_run_from_line_checked'
2022-11-12 20:40:11,452 - QTvcp.QTVCP.QT_MAKEGUI - DEBUG - Register callback 'chk_use_camera_changed'
2022-11-12 20:40:11,453 - QTvcp.QTVCP.QT_MAKEGUI - DEBUG - Register callback 'chk_use_sensor_changed'
2022-11-12 20:40:11,453 - QTvcp.QTVCP.QT_MAKEGUI - DEBUG - Register callback 'chk_use_virtual_changed'
2022-11-12 20:40:11,453 - QTvcp.QTVCP.QT_MAKEGUI - DEBUG - Register callback 'class_patch__'
2022-11-12 20:40:11,454 - QTvcp.QTVCP.QT_MAKEGUI - DEBUG - Register callback 'closing_cleanup__'
2022-11-12 20:40:11,455 - QTvcp.QTVCP.QT_MAKEGUI - DEBUG - Register callback 'cmb_gcode_history_clicked'
2022-11-12 20:40:11,455 - QTvcp.QTVCP.QT_MAKEGUI - DEBUG - Register callback 'dialog_return'
2022-11-12 20:40:11,456 - QTvcp.QTVCP.QT_MAKEGUI - DEBUG - Register callback 'disable_pause_buttons'
2022-11-12 20:40:11,457 - QTvcp.QTVCP.QT_MAKEGUI - DEBUG - Register callback 'disable_spindle_pause'
2022-11-12 20:40:11,457 - QTvcp.QTVCP.QT_MAKEGUI - DEBUG - Register callback 'do_file_copy'
2022-11-12 20:40:11,458 - QTvcp.QTVCP.QT_MAKEGUI - DEBUG - Register callback 'enable_auto'
2022-11-12 20:40:11,458 - QTvcp.QTVCP.QT_MAKEGUI - DEBUG - Register callback 'enable_onoff'
2022-11-12 20:40:11,459 - QTvcp.QTVCP.QT_MAKEGUI - DEBUG - Register callback 'file_loaded'
2022-11-12 20:40:11,459 - QTvcp.QTVCP.QT_MAKEGUI - DEBUG - Register callback 'forward'
2022-11-12 20:40:11,460 - QTvcp.QTVCP.QT_MAKEGUI - DEBUG - Register callback 'hard_limit_tripped'
2022-11-12 20:40:11,460 - QTvcp.QTVCP.QT_MAKEGUI - DEBUG - Register callback 'init_pins'
2022-11-12 20:40:11,461 - QTvcp.QTVCP.QT_MAKEGUI - DEBUG - Register callback 'init_preferences'
2022-11-12 20:40:11,461 - QTvcp.QTVCP.QT_MAKEGUI - DEBUG - Register callback 'init_probe'
2022-11-12 20:40:11,461 - QTvcp.QTVCP.QT_MAKEGUI - DEBUG - Register callback 'init_utils'
2022-11-12 20:40:11,462 - QTvcp.QTVCP.QT_MAKEGUI - DEBUG - Register callback 'init_widgets'
2022-11-12 20:40:11,462 - QTvcp.QTVCP.QT_MAKEGUI - DEBUG - Register callback 'initialized__'
2022-11-12 20:40:11,463 - QTvcp.QTVCP.QT_MAKEGUI - DEBUG - Register callback 'kb_jog'
2022-11-12 20:40:11,463 - QTvcp.QTVCP.QT_MAKEGUI - DEBUG - Register callback 'load_code'
2022-11-12 20:40:11,464 - QTvcp.QTVCP.QT_MAKEGUI - DEBUG - Register callback 'main_tab_changed'
2022-11-12 20:40:11,465 - QTvcp.QTVCP.QT_MAKEGUI - DEBUG - Register callback 'mb_errors_changed'
2022-11-12 20:40:11,465 - QTvcp.QTVCP.QT_MAKEGUI - DEBUG - Register callback 'metric_mode_changed'
2022-11-12 20:40:11,466 - QTvcp.QTVCP.QT_MAKEGUI - DEBUG - Register callback 'not_all_homed'
2022-11-12 20:40:11,466 - QTvcp.QTVCP.QT_MAKEGUI - DEBUG - Register callback 'on_keycall_ABORT'
2022-11-12 20:40:11,467 - QTvcp.QTVCP.QT_MAKEGUI - DEBUG - Register callback 'on_keycall_ANEG'
2022-11-12 20:40:11,467 - QTvcp.QTVCP.QT_MAKEGUI - DEBUG - Register callback 'on_keycall_APOS'
2022-11-12 20:40:11,468 - QTvcp.QTVCP.QT_MAKEGUI - DEBUG - Register callback 'on_keycall_ESTOP'
2022-11-12 20:40:11,468 - QTvcp.QTVCP.QT_MAKEGUI - DEBUG - Register callback 'on_keycall_F11'
2022-11-12 20:40:11,469 - QTvcp.QTVCP.QT_MAKEGUI - DEBUG - Register callback 'on_keycall_F12'
2022-11-12 20:40:11,469 - QTvcp.QTVCP.QT_MAKEGUI - DEBUG - Register callback 'on_keycall_HOME'
2022-11-12 20:40:11,469 - QTvcp.QTVCP.QT_MAKEGUI - DEBUG - Register callback 'on_keycall_POWER'
2022-11-12 20:40:11,469 - QTvcp.QTVCP.QT_MAKEGUI - DEBUG - Register callback 'on_keycall_XNEG'
2022-11-12 20:40:11,470 - QTvcp.QTVCP.QT_MAKEGUI - DEBUG - Register callback 'on_keycall_XPOS'
2022-11-12 20:40:11,470 - QTvcp.QTVCP.QT_MAKEGUI - DEBUG - Register callback 'on_keycall_YNEG'
2022-11-12 20:40:11,470 - QTvcp.QTVCP.QT_MAKEGUI - DEBUG - Register callback 'on_keycall_YPOS'
2022-11-12 20:40:11,471 - QTvcp.QTVCP.QT_MAKEGUI - DEBUG - Register callback 'on_keycall_ZNEG'
2022-11-12 20:40:11,472 - QTvcp.QTVCP.QT_MAKEGUI - DEBUG - Register callback 'on_keycall_ZPOS'
2022-11-12 20:40:11,472 - QTvcp.QTVCP.QT_MAKEGUI - DEBUG - Register callback 'on_keycall_pause'
2022-11-12 20:40:11,473 - QTvcp.QTVCP.QT_MAKEGUI - DEBUG - Register callback 'percent_done_changed'
2022-11-12 20:40:11,473 - QTvcp.QTVCP.QT_MAKEGUI - DEBUG - Register callback 'percent_loaded_changed'
2022-11-12 20:40:11,474 - QTvcp.QTVCP.QT_MAKEGUI - DEBUG - Register callback 'processed_focus_event__'
2022-11-12 20:40:11,474 - QTvcp.QTVCP.QT_MAKEGUI - DEBUG - Register callback 'processed_key_event__'
2022-11-12 20:40:11,475 - QTvcp.QTVCP.QT_MAKEGUI - DEBUG - Register callback 'set_button_response_state'
2022-11-12 20:40:11,475 - QTvcp.QTVCP.QT_MAKEGUI - DEBUG - Register callback 'set_start_line'
2022-11-12 20:40:11,476 - QTvcp.QTVCP.QT_MAKEGUI - DEBUG - Register callback 'set_style_critical'
2022-11-12 20:40:11,476 - QTvcp.QTVCP.QT_MAKEGUI - DEBUG - Register callback 'set_style_default'
2022-11-12 20:40:11,477 - QTvcp.QTVCP.QT_MAKEGUI - DEBUG - Register callback 'set_style_warning'
2022-11-12 20:40:11,477 - QTvcp.QTVCP.QT_MAKEGUI - DEBUG - Register callback 'slider_maxv_changed'
2022-11-12 20:40:11,478 - QTvcp.QTVCP.QT_MAKEGUI - DEBUG - Register callback 'slider_rapid_changed'
2022-11-12 20:40:11,478 - QTvcp.QTVCP.QT_MAKEGUI - DEBUG - Register callback 'slow_button_clicked'
2022-11-12 20:40:11,479 - QTvcp.QTVCP.QT_MAKEGUI - DEBUG - Register callback 'spindle_fault_changed'
2022-11-12 20:40:11,479 - QTvcp.QTVCP.QT_MAKEGUI - DEBUG - Register callback 'spindle_pwr_changed'
2022-11-12 20:40:11,480 - QTvcp.QTVCP.QT_MAKEGUI - DEBUG - Register callback 'stop_timer'
2022-11-12 20:40:11,480 - QTvcp.QTVCP.QT_MAKEGUI - DEBUG - Register callback 'tab_utilities_changed'
2022-11-12 20:40:11,481 - QTvcp.QTVCP.QT_MAKEGUI - DEBUG - Register callback 'touchoff'
2022-11-12 20:40:11,481 - QTvcp.QTVCP.QT_MAKEGUI - DEBUG - Register callback 'updateProgress'
2022-11-12 20:40:11,482 - QTvcp.QTVCP.QT_MAKEGUI - DEBUG - Register callback 'update_rpm'
2022-11-12 20:40:11,482 - QTvcp.QTVCP.QT_MAKEGUI - DEBUG - Register callback 'update_runtimer'
2022-11-12 20:40:11,483 - QTvcp.QTVCP.QT_MAKEGUI - DEBUG - Register callback 'use_keyboard'
2022-11-12 20:40:11,483 - QTvcp.QTVCP.QT_MAKEGUI - DEBUG - Register callback 'user_system_changed'
2022-11-12 20:40:11,485 - QTvcp.QTVCP.QT_MAKEGUI - DEBUG - Register callback 'writer'
2022-11-12 20:40:11,488 - QTvcp - DEBUG - Adding the key events filter.
2022-11-12 20:40:11,514 - QTvcp.QTVCP.QT_MAKEGUI - INFO - Imported resources.py filed: /home/taihv/linuxcnc/configs/my-qtdragron/qtvcp/screens/qtdragon/resources.py
2022-11-12 20:40:15,087 - QTvcp.QTVCP.WIDGETS.SCREEN_OPTIONS - DEBUG - Switching to Preference File Path from INI: WORKINGFOLDER/qtdragon.pref
2022-11-12 20:40:15,096 - QTvcp.QTVCP.QT_MAKEPINS - DEBUG - QTVCP: Parsing for HAL widgets.
2022-11-12 20:40:15,158 - QTvcp.QTVCP.WIDGETS.DIALOG_WIDGET - WARNING - Detected hal_manualtoolchange component already loaded
   Qtvcp recommends to allow use of it's own component by not loading the original. 
   Qtvcp Integrated toolchange dialog will not show until then
2022-11-12 20:40:15,641 - QTvcp.QTVCP.WIDGETS.SCREEN_OPTIONS - DEBUG - cannot add notifications to statusbar - no statusbar?:
2022-11-12 20:40:15,645 - QTvcp.QTVCP.WIDGETS.FILE_MANAGER - DEBUG - lAST FILE PATH: /home/taihv/linuxcnc/nc_files
2022-11-12 20:40:15,656 - QTvcp.QTVCP.WIDGETS.FILE_MANAGER - DEBUG - lAST FILE PATH: /home/taihv/linuxcnc/nc_files
2022-11-12 20:40:15,673 - QTvcp.QTVCP.WIDGETS.JOG_INCREMENTS - DEBUG - Linear Current index: 0 Increment: 0 , selection changed Continuous
2022-11-12 20:40:15,674 - QTvcp.QTVCP.WIDGETS.JOG_INCREMENTS - DEBUG - Angular Current index: 0 Increment: 0 , selection changed Continuous
2022-11-12 20:40:15,683 - QTvcp.QTVCP.WIDGETS.DRO_WIDGET - DEBUG - axis number 3 not found in available-axis to joint conversion dict {0: 0, 1: 1, 2: 2} of widget: dro_axis_a
2022-11-12 20:40:15,688 - QTvcp.QTVCP.WIDGETS.STATUS_LABEL - WARNING - lbl_maxv_percent : no option recognised
2022-11-12 20:40:15,690 - QTvcp.QTVCP.WIDGETS.STATUS_LABEL - WARNING - lbl_max_rapid : no option recognised
2022-11-12 20:40:15,695 - QTvcp.QTVCP.WIDGETS.STATUS_LABEL - WARNING - lbl_runtime : no option recognised
2022-11-12 20:40:15,697 - QTvcp - DEBUG - Calling the handler file's initialized__ function
2022-11-12 20:40:15,724 - QTvcp.QTDRAGON_HANDLER - INFO - Using Basic Probe
2022-11-12 20:40:16,323 - QTvcp.QTVCP.LIB.QT_NGCGUI.NGCGUI - DEBUG - UI Filename: /home/taihv/work/linuxcnc/lib/python/qtvcp/lib/qt_ngcgui/ngcgui.ui
2022-11-12 20:40:16,374 - QTvcp.QTVCP.LIB.QT_NGCGUI.NGCGUI - DEBUG - UI Filename: /home/taihv/work/linuxcnc/lib/python/qtvcp/lib/qt_ngcgui/ngcgui.ui Didn't find a path NGCGUI files
2022-11-12 20:40:16,381 - QTvcp.QTVCP.WIDGETS.FILE_MANAGER - DEBUG - Set directory view error - no such path /media/taihv
2022-11-12 20:40:17,267 - QTvcp.QTVCP.QT_MAKEGUI - INFO - No Handler Override file at: /home/taihv/linuxcnc/configs/my-qtdragron/.qtdragonrc
2022-11-12 20:40:17,309 - QTvcp.QTVCP.QT_TSTAT - DEBUG - Toolfile does not exist' tool.tbl
2022-11-12 20:40:17,312 - QTvcp.QTVCP.QT_TSTAT - DEBUG - Toolfile does not exist' tool.tbl
2022-11-12 20:40:17,313 - QTvcp.QTVCP.WIDGETS.STATUS_LABEL - WARNING - Problem with tool file info
2022-11-12 20:40:17,315 - QTvcp.QTVCP.QT_TSTAT - DEBUG - Toolfile does not exist' tool.tbl
2022-11-12 20:40:17,316 - QTvcp - DEBUG - Set HAL ready.
2022-11-12 20:40:17,703 - QTvcp - DEBUG - Show window.
2022-11-12 20:40:17,704 - QTvcp.QTVCP.QT_MAKEPINS - DEBUG - Calculating geometry of main window using natural placement: 0 69 1920 1011
2022-11-12 20:40:18,238 - QTvcp - INFO - Postgui filename: ['qtdragon_postgui.hal']
2022-11-12 20:40:18,292 - QTvcp - INFO - Postgui commands: None
2022-11-12 20:40:18,300 - QTvcp - INFO - Preference path: /home/taihv/linuxcnc/configs/my-qtdragron/qtdragon.pref
2022-11-12 20:40:18,688 - QTvcp.QTVCP.WIDGETS.GCODE_EDITOR - DEBUG - Line changed: 0
2022-11-12 20:40:33,593 - QTvcp.QTVCP.WIDGETS.ACTION_BUTTON - DEBUG - INI MDI COMMAND #: 0
2022-11-12 20:40:33,665 - QTvcp.QTVCP.QT_ACTION - DEBUG - CALL_INI_MDI command:G0 Z0
2022-11-12 20:40:33,718 - QTvcp.QTVCP.QT_ACTION - DEBUG - CALL_INI_MDI command:X0 Y0
2022-11-12 20:40:33,771 - QTvcp.QTVCP.WIDGETS.GCODE_EDITOR - ERROR - File path is not valid: mdi_history.dat
2022-11-12 20:40:38,615 - QTvcp.QTVCP.QT_ACTION - INFO - Homing Joint: -1
2022-11-12 20:41:39,366 - QTvcp.QTVCP.WIDGETS.GCODE_EDITOR - ERROR - File path is not valid: mdi_history.dat
2022-11-12 20:41:44,303 - QTvcp.QTVCP.WIDGETS.GCODE_EDITOR - ERROR - File path is not valid: mdi_history.dat
2022-11-12 20:41:55,498 - QTvcp.QTVCP.QT_ACTION - DEBUG - CALL_MDI Command: M62 P1

2022-11-12 20:41:55,626 - QTvcp.QTVCP.WIDGETS.GCODE_EDITOR - DEBUG - Line changed: 1
2022-11-12 20:41:55,627 - QTvcp.QTVCP.WIDGETS.MDI_LINE - DEBUG - Ext line selected: , mdi_history.dat
2022-11-12 20:42:12,198 - QTvcp.QTVCP.QT_ACTION - DEBUG - CALL_MDI Command: M62 P0

2022-11-12 20:42:12,324 - QTvcp.QTVCP.WIDGETS.GCODE_EDITOR - DEBUG - Line changed: 2
2022-11-12 20:42:12,324 - QTvcp.QTVCP.WIDGETS.MDI_LINE - DEBUG - Ext line selected: , mdi_history.dat
2022-11-12 20:42:14,418 - QTvcp.QTVCP.WIDGETS.GCODE_EDITOR - DEBUG - Line changed: 1
2022-11-12 20:42:14,419 - QTvcp.QTVCP.WIDGETS.MDI_LINE - DEBUG - Ext line selected: M62 P0, mdi_history.dat
2022-11-12 20:42:15,134 - QTvcp.QTVCP.WIDGETS.GCODE_EDITOR - DEBUG - Line changed: 1
2022-11-12 20:42:15,134 - QTvcp.QTVCP.WIDGETS.MDI_LINE - DEBUG - Ext line selected: M62 P0, mdi_history.dat
2022-11-12 20:42:16,518 - QTvcp.QTVCP.WIDGETS.GCODE_EDITOR - DEBUG - Line changed: 1
2022-11-12 20:42:16,518 - QTvcp.QTVCP.WIDGETS.MDI_LINE - DEBUG - Ext line selected: M62 P0, mdi_history.dat
2022-11-12 20:42:17,334 - QTvcp.QTVCP.WIDGETS.GCODE_EDITOR - DEBUG - Line changed: 1
2022-11-12 20:42:17,335 - QTvcp.QTVCP.WIDGETS.MDI_LINE - DEBUG - Ext line selected: M62 P0, mdi_history.dat
2022-11-12 20:42:17,344 - QTvcp.QTVCP.WIDGETS.GCODE_EDITOR - DEBUG - Line changed: 1
2022-11-12 20:42:17,345 - QTvcp.QTVCP.WIDGETS.MDI_LINE - DEBUG - Ext line selected: M62 P0, mdi_history.dat
2022-11-12 20:42:17,366 - QTvcp.QTVCP.WIDGETS.GCODE_EDITOR - DEBUG - Line changed: 1
2022-11-12 20:42:17,372 - QTvcp.QTVCP.WIDGETS.MDI_LINE - DEBUG - Ext line selected: M62 P0, mdi_history.dat
2022-11-12 20:42:17,389 - QTvcp.QTVCP.WIDGETS.GCODE_EDITOR - DEBUG - Line changed: 1
2022-11-12 20:42:17,390 - QTvcp.QTVCP.WIDGETS.MDI_LINE - DEBUG - Ext line selected: M62 P0, mdi_history.dat
2022-11-12 20:42:28,444 - QTvcp.QTVCP.WIDGETS.GCODE_EDITOR - DEBUG - Line changed: 2
2022-11-12 20:42:28,444 - QTvcp.QTVCP.WIDGETS.MDI_LINE - DEBUG - Ext line selected: , mdi_history.dat
2022-11-12 20:42:29,881 - QTvcp.QTVCP.WIDGETS.GCODE_EDITOR - DEBUG - Line changed: 0
2022-11-12 20:42:30,973 - QTvcp.QTVCP.WIDGETS.GCODE_EDITOR - DEBUG - Line changed: 2
2022-11-12 20:42:30,974 - QTvcp.QTVCP.WIDGETS.MDI_LINE - DEBUG - Ext line selected: , mdi_history.dat
2022-11-12 20:42:32,758 - QTvcp.QTVCP.WIDGETS.GCODE_EDITOR - DEBUG - Line changed: 1
2022-11-12 20:42:32,759 - QTvcp.QTVCP.WIDGETS.MDI_LINE - DEBUG - Ext line selected: M62 P0, mdi_history.dat
2022-11-12 20:42:38,375 - QTvcp.QTVCP.WIDGETS.GCODE_EDITOR - DEBUG - Line changed: 0
2022-11-12 20:42:38,376 - QTvcp.QTVCP.WIDGETS.MDI_LINE - DEBUG - Ext line selected: M62 P1, mdi_history.dat
2022-11-12 20:42:40,185 - QTvcp.QTVCP.WIDGETS.GCODE_EDITOR - DEBUG - Line changed: 1
2022-11-12 20:42:40,186 - QTvcp.QTVCP.WIDGETS.MDI_LINE - DEBUG - Ext line selected: M62 P0, mdi_history.dat
2022-11-12 20:42:42,638 - QTvcp.QTVCP.WIDGETS.GCODE_EDITOR - DEBUG - Line changed: 0
2022-11-12 20:42:42,639 - QTvcp.QTVCP.WIDGETS.MDI_LINE - DEBUG - Ext line selected: M62 P1, mdi_history.dat
2022-11-12 20:42:43,294 - QTvcp.QTVCP.WIDGETS.GCODE_EDITOR - DEBUG - Line changed: 1
2022-11-12 20:42:43,295 - QTvcp.QTVCP.WIDGETS.MDI_LINE - DEBUG - Ext line selected: M62 P0, mdi_history.dat
2022-11-12 20:42:50,212 - QTvcp.QTVCP.WIDGETS.GCODE_GRAPHICS - DEBUG - reload the display: None
2022-11-12 20:42:50,602 - QTvcp.QTVCP.WIDGETS.GCODE_GRAPHICS - DEBUG - reload the display: None
2022-11-12 20:42:51,318 - QTvcp.QTVCP.WIDGETS.GCODE_GRAPHICS - DEBUG - reload the display: None
2022-11-12 20:42:51,721 - QTvcp.QTVCP.WIDGETS.GCODE_GRAPHICS - DEBUG - reload the display: None
2022-11-12 20:42:58,005 - QTvcp.QTVCP.WIDGETS.DIALOG_WIDGET - DEBUG - Button pressed is: &Yes
2022-11-12 20:42:58,005 - QTvcp.QTVCP.WIDGETS.DIALOG_WIDGET - DEBUG - Saving LncMessage-geometry data from widget  to file.
2022-11-12 20:42:58,210 - QTvcp.QTVCP.WIDGETS.DIALOG_WIDGET - DEBUG - Value of pressed button: 16384
2022-11-12 20:42:58,211 - QTvcp.QTVCP.QT_MAKEGUI - DEBUG - Calling handler file Closing_cleanup__ function.
2022-11-12 20:42:58,283 - QTvcp.QTVCP.QT_MAKEPINS - DEBUG - Saving Main Window geometry to preference file.
2022-11-12 20:42:58,286 - QTvcp.QTVCP.QT_MAKEPINS - DEBUG - Calling widget's _hal_cleanup functions.
2022-11-12 20:42:58,289 - QTvcp.QTVCP.WIDGETS.ORIGIN_OFFSETVIEW - DEBUG - Saving __dialogOffsetViewWidget data to file.
2022-11-12 20:42:58,318 - QTvcp.QTVCP.WIDGETS.ORIGIN_OFFSETVIEW - DEBUG - Saving __dialogOffsetViewWidget data to file.
2022-11-12 20:42:58,345 - QTvcp.QTVCP.WIDGETS.ORIGIN_OFFSETVIEW - DEBUG - Saving __dialogOffsetViewWidget data to file.
2022-11-12 20:42:58,377 - QTvcp.QTVCP.WIDGETS.ORIGIN_OFFSETVIEW - DEBUG - Saving offset_table data to file.
2022-11-12 20:42:58,412 - QTvcp.QTVCP.WIDGETS.GCODE_GRAPHICS - DEBUG - Saving gcodegraphics data to file.
2022-11-12 20:42:58,466 - QTvcp.QTVCP.WIDGETS.BASIC_PROBE - DEBUG - Saving Basic Probe data to preference file.
